2019-11-28 22:53:26 INFO [http-nio-8001-exec-1][login(34)] RequestsLogFilter
2019-11-28 22:53:26 INFO [http-nio-8001-exec-1][login(45)] session null
2019-11-28 22:53:27 INFO [http-nio-8001-exec-2][login(34)] RequestsLogFilter
2019-11-28 22:53:27 INFO [http-nio-8001-exec-2][login(45)] session null
2019-11-28 22:53:39 INFO [http-nio-8001-exec-4][login(34)] RequestsLogFilter
2019-11-28 22:53:39 INFO [http-nio-8001-exec-4][login(45)] session null
2019-11-28 22:53:39 INFO [http-nio-8001-exec-5][login(34)] RequestsLogFilter
2019-11-28 22:53:39 INFO [http-nio-8001-exec-5][login(45)] session null
2019-11-28 22:58:40 INFO [http-nio-8001-exec-1][login(34)] RequestsLogFilter
2019-11-28 22:58:40 INFO [http-nio-8001-exec-1][login(45)] session DF1A0F10839BE7608A62A3006A58042C
2019-11-28 22:58:41 INFO [http-nio-8001-exec-2][login(34)] RequestsLogFilter
2019-11-28 22:58:41 INFO [http-nio-8001-exec-2][login(45)] session DF1A0F10839BE7608A62A3006A58042C
2019-11-28 22:58:45 INFO [http-nio-8001-exec-3][login(34)] RequestsLogFilter
2019-11-28 22:58:45 INFO [http-nio-8001-exec-3][login(45)] session DF1A0F10839BE7608A62A3006A58042C
2019-11-28 22:58:45 INFO [http-nio-8001-exec-4][login(34)] RequestsLogFilter
2019-11-28 22:58:45 INFO [http-nio-8001-exec-4][login(45)] session DF1A0F10839BE7608A62A3006A58042C
2019-11-28 23:07:58 INFO [http-nio-8001-exec-1][login(41)] RequestsLogFilter
2019-11-28 23:07:58 INFO [http-nio-8001-exec-1][login(54)] session 0744046EFB6C4C6E4359561D1868B65B
2019-11-28 23:14:51 INFO [http-nio-8001-exec-1][login(41)] RequestsLogFilter
2019-11-28 23:14:51 INFO [http-nio-8001-exec-1][login(54)] session 9E1623244DFDC8CC2A72907E364AF2C9
2019-11-28 23:14:51 INFO [http-nio-8001-exec-1][login(58)] http://127.0.0.1:8001/
2019-11-28 23:14:53 INFO [http-nio-8001-exec-2][login(41)] RequestsLogFilter
2019-11-28 23:14:53 INFO [http-nio-8001-exec-2][login(54)] session 9E1623244DFDC8CC2A72907E364AF2C9
2019-11-28 23:14:53 INFO [http-nio-8001-exec-2][login(58)] http://127.0.0.1:8001/
