2019-11-28 21:55:34 INFO [http-nio-8083-exec-1][RequestsLogFilter(39)] RequestsLogFilter
2019-11-28 21:55:34 INFO [http-nio-8083-exec-1][RequestsLogFilter(53)] < GET / 
2019-11-28 21:55:34 INFO [http-nio-8083-exec-1][RequestsLogFilter(73)] >
2019-11-28 21:55:47 INFO [http-nio-8083-exec-1][RequestsLogFilter(122)] response 200
2019-11-28 21:55:48 INFO [http-nio-8083-exec-3][RequestsLogFilter(39)] RequestsLogFilter
2019-11-28 21:55:48 INFO [http-nio-8083-exec-3][RequestsLogFilter(53)] < GET /favicon.ico 
2019-11-28 21:55:48 INFO [http-nio-8083-exec-3][RequestsLogFilter(73)] >
2019-11-28 21:55:56 INFO [http-nio-8083-exec-3][RequestsLogFilter(122)] response 200
2019-11-28 22:08:18 INFO [http-nio-8001-exec-1][RequestsLogFilter(39)] RequestsLogFilter
2019-11-28 22:08:18 INFO [http-nio-8001-exec-1][RequestsLogFilter(53)] < GET /a%20b 
2019-11-28 22:08:18 INFO [http-nio-8001-exec-1][RequestsLogFilter(73)] >
2019-11-28 22:08:18 INFO [http-nio-8001-exec-1][RequestsLogFilter(122)] response 404
2019-11-28 22:08:18 INFO [http-nio-8001-exec-2][RequestsLogFilter(39)] RequestsLogFilter
2019-11-28 22:08:18 INFO [http-nio-8001-exec-2][RequestsLogFilter(53)] < GET /favicon.ico 
2019-11-28 22:08:18 INFO [http-nio-8001-exec-2][RequestsLogFilter(73)] >
2019-11-28 22:08:18 INFO [http-nio-8001-exec-2][RequestsLogFilter(122)] response 200
2019-11-28 22:08:22 INFO [http-nio-8001-exec-3][RequestsLogFilter(39)] RequestsLogFilter
2019-11-28 22:08:22 INFO [http-nio-8001-exec-3][RequestsLogFilter(53)] < GET /a/b 
2019-11-28 22:08:22 INFO [http-nio-8001-exec-3][RequestsLogFilter(73)] >
2019-11-28 22:08:22 INFO [http-nio-8001-exec-3][RequestsLogFilter(122)] response 404
2019-11-28 22:08:29 INFO [http-nio-8001-exec-5][RequestsLogFilter(39)] RequestsLogFilter
2019-11-28 22:08:29 INFO [http-nio-8001-exec-5][RequestsLogFilter(53)] < GET /a%20b 
2019-11-28 22:08:29 INFO [http-nio-8001-exec-5][RequestsLogFilter(73)] >
2019-11-28 22:08:29 INFO [http-nio-8001-exec-5][RequestsLogFilter(122)] response 404
2019-11-28 22:08:35 INFO [http-nio-8001-exec-6][RequestsLogFilter(39)] RequestsLogFilter
2019-11-28 22:08:35 INFO [http-nio-8001-exec-6][RequestsLogFilter(53)] < GET /a%20b 
2019-11-28 22:08:35 INFO [http-nio-8001-exec-6][RequestsLogFilter(73)] >
2019-11-28 22:08:35 INFO [http-nio-8001-exec-6][RequestsLogFilter(122)] response 404
2019-11-28 22:08:35 INFO [http-nio-8001-exec-7][RequestsLogFilter(39)] RequestsLogFilter
2019-11-28 22:08:35 INFO [http-nio-8001-exec-7][RequestsLogFilter(53)] < GET /favicon.ico 
2019-11-28 22:08:35 INFO [http-nio-8001-exec-7][RequestsLogFilter(73)] >
2019-11-28 22:08:35 INFO [http-nio-8001-exec-7][RequestsLogFilter(122)] response 200
2019-11-28 22:09:29 INFO [http-nio-8001-exec-9][RequestsLogFilter(39)] RequestsLogFilter
2019-11-28 22:09:29 INFO [http-nio-8001-exec-9][RequestsLogFilter(53)] < GET / 
2019-11-28 22:09:29 INFO [http-nio-8001-exec-9][RequestsLogFilter(73)] >
2019-11-28 22:09:29 INFO [http-nio-8001-exec-9][RequestsLogFilter(122)] response 200
2019-11-28 22:09:33 INFO [http-nio-8001-exec-10][RequestsLogFilter(39)] RequestsLogFilter
2019-11-28 22:09:33 INFO [http-nio-8001-exec-10][RequestsLogFilter(53)] < GET / 
2019-11-28 22:09:33 INFO [http-nio-8001-exec-10][RequestsLogFilter(73)] >
2019-11-28 22:09:33 INFO [http-nio-8001-exec-10][RequestsLogFilter(122)] response 200
2019-11-28 22:09:33 INFO [http-nio-8001-exec-1][RequestsLogFilter(39)] RequestsLogFilter
2019-11-28 22:09:33 INFO [http-nio-8001-exec-1][RequestsLogFilter(53)] < GET /favicon.ico 
2019-11-28 22:09:33 INFO [http-nio-8001-exec-1][RequestsLogFilter(73)] >
2019-11-28 22:09:33 INFO [http-nio-8001-exec-1][RequestsLogFilter(122)] response 200
2019-11-28 22:10:12 INFO [http-nio-8001-exec-3][RequestsLogFilter(39)] RequestsLogFilter
2019-11-28 22:10:12 INFO [http-nio-8001-exec-3][RequestsLogFilter(53)] < GET / 
2019-11-28 22:10:12 INFO [http-nio-8001-exec-3][RequestsLogFilter(73)] >
2019-11-28 22:10:12 INFO [http-nio-8001-exec-3][RequestsLogFilter(122)] response 200
2019-11-28 22:10:13 INFO [http-nio-8001-exec-4][RequestsLogFilter(39)] RequestsLogFilter
2019-11-28 22:10:13 INFO [http-nio-8001-exec-4][RequestsLogFilter(53)] < GET /favicon.ico 
2019-11-28 22:10:13 INFO [http-nio-8001-exec-4][RequestsLogFilter(73)] >
2019-11-28 22:10:13 INFO [http-nio-8001-exec-4][RequestsLogFilter(122)] response 200
2019-11-28 22:58:40 INFO [http-nio-8001-exec-1][RequestsLogFilter(39)] RequestsLogFilter
2019-11-28 22:58:40 INFO [http-nio-8001-exec-1][RequestsLogFilter(53)] < GET / 
2019-11-28 22:58:40 INFO [http-nio-8001-exec-1][RequestsLogFilter(73)] >
2019-11-28 22:58:40 INFO [http-nio-8001-exec-1][RequestsLogFilter(122)] response 200
2019-11-28 22:58:41 INFO [http-nio-8001-exec-2][RequestsLogFilter(39)] RequestsLogFilter
2019-11-28 22:58:41 INFO [http-nio-8001-exec-2][RequestsLogFilter(53)] < GET /favicon.ico 
2019-11-28 22:58:41 INFO [http-nio-8001-exec-2][RequestsLogFilter(73)] >
2019-11-28 22:58:41 INFO [http-nio-8001-exec-2][RequestsLogFilter(122)] response 200
2019-11-28 22:58:45 INFO [http-nio-8001-exec-3][RequestsLogFilter(39)] RequestsLogFilter
2019-11-28 22:58:45 INFO [http-nio-8001-exec-3][RequestsLogFilter(53)] < GET / 
2019-11-28 22:58:45 INFO [http-nio-8001-exec-3][RequestsLogFilter(73)] >
2019-11-28 22:58:45 INFO [http-nio-8001-exec-3][RequestsLogFilter(122)] response 200
2019-11-28 22:58:45 INFO [http-nio-8001-exec-4][RequestsLogFilter(39)] RequestsLogFilter
2019-11-28 22:58:45 INFO [http-nio-8001-exec-4][RequestsLogFilter(53)] < GET /favicon.ico 
2019-11-28 22:58:45 INFO [http-nio-8001-exec-4][RequestsLogFilter(73)] >
2019-11-28 22:58:45 INFO [http-nio-8001-exec-4][RequestsLogFilter(122)] response 200
2019-11-28 23:14:51 INFO [http-nio-8001-exec-1][RequestsLogFilter(39)] RequestsLogFilter
2019-11-28 23:14:51 INFO [http-nio-8001-exec-1][RequestsLogFilter(53)] < GET /favicon.ico 
2019-11-28 23:14:51 INFO [http-nio-8001-exec-1][RequestsLogFilter(73)] >
2019-11-28 23:14:51 INFO [http-nio-8001-exec-1][RequestsLogFilter(122)] response 302
2019-11-28 23:14:53 INFO [http-nio-8001-exec-2][RequestsLogFilter(39)] RequestsLogFilter
2019-11-28 23:14:53 INFO [http-nio-8001-exec-2][RequestsLogFilter(53)] < GET /a%20b 
2019-11-28 23:14:53 INFO [http-nio-8001-exec-2][RequestsLogFilter(73)] >
2019-11-28 23:14:53 INFO [http-nio-8001-exec-2][RequestsLogFilter(122)] response 302
